/*C2*/SET SCHEMA PUBLIC
DISCONNECT
/*C3*/SET SCHEMA PUBLIC
create table address ( id integer generated by default as identity primary key, street varchar(255), city varchar(255), state varchar(10), zip varchar(10))
/*C4*/SET SCHEMA PUBLIC
INSERT INTO ADDRESS VALUES(0,'150 West Tasman Dr.','Fremont','CA','08857')
COMMIT
/*C5*/SET SCHEMA PUBLIC
INSERT INTO ADDRESS VALUES(1,'10001 Starr street','Fremont','CA','94539')
COMMIT
/*C6*/SET SCHEMA PUBLIC
INSERT INTO ADDRESS VALUES(2,'800 West Tasman Dr.','San Jose','CA','95587')
COMMIT
/*C7*/SET SCHEMA PUBLIC
create table contact ( id integer generated by default as identity primary key, name varchar(30), addressId varchar(30))
/*C8*/SET SCHEMA PUBLIC
INSERT INTO CONTACT VALUES(0,'James Bond','0')
COMMIT
/*C3*/INSERT INTO CONTACT VALUES(1,'Christofer','1')
COMMIT
/*C4*/INSERT INTO CONTACT VALUES(2,'Gandov King','2')
COMMIT
/*C10*/SET SCHEMA PUBLIC
DELETE FROM CONTACT WHERE ID=2
INSERT INTO CONTACT VALUES(2,'Gandov King','2')
COMMIT
/*C3*/DELETE FROM ADDRESS WHERE ID=2
INSERT INTO ADDRESS VALUES(2,'800 West Tasman Dr.','San Jose','CA','9558788')
COMMIT
/*C8*/DELETE FROM CONTACT WHERE ID=2
INSERT INTO CONTACT VALUES(2,'Gandov King','2')
COMMIT
/*C9*/SET SCHEMA PUBLIC
DELETE FROM ADDRESS WHERE ID=2
INSERT INTO ADDRESS VALUES(2,'800 West Tasman Dr.','San Jose','CA','9558788')
COMMIT
/*C6*/DELETE FROM CONTACT WHERE ID=2
INSERT INTO CONTACT VALUES(2,'Gandov King','2')
COMMIT
/*C9*/DELETE FROM ADDRESS WHERE ID=2
INSERT INTO ADDRESS VALUES(2,'800 West Tasman Dr.','San Jose','CA','9558788')
COMMIT
/*C4*/DELETE FROM CONTACT WHERE ID=2
INSERT INTO CONTACT VALUES(2,'Gandov King','2')
COMMIT
/*C6*/DELETE FROM ADDRESS WHERE ID=2
INSERT INTO ADDRESS VALUES(2,'800 West Tasman Dr.','San Jose','CA','9558788')
COMMIT
/*C10*/DELETE FROM CONTACT WHERE ID=2
INSERT INTO CONTACT VALUES(2,'Gandov King','2')
COMMIT
/*C6*/DELETE FROM ADDRESS WHERE ID=2
INSERT INTO ADDRESS VALUES(2,'800 West Tasman Dr.','San Jose','CA','9558788')
COMMIT
/*C7*/DELETE FROM CONTACT WHERE ID=2
INSERT INTO CONTACT VALUES(2,'Gandov King','2')
COMMIT
/*C8*/DELETE FROM ADDRESS WHERE ID=2
INSERT INTO ADDRESS VALUES(2,'800 West Tasman Dr.','San Jose','CA','9558788')
COMMIT
/*C9*/DELETE FROM CONTACT WHERE ID=2
INSERT INTO CONTACT VALUES(2,'Gandov King','2')
COMMIT
/*C7*/DELETE FROM ADDRESS WHERE ID=2
INSERT INTO ADDRESS VALUES(2,'800 West Tasman Dr.','San Jose','CA','9558788')
COMMIT
/*C5*/DELETE FROM CONTACT WHERE ID=2
INSERT INTO CONTACT VALUES(2,'Gandov King','2')
COMMIT
/*C8*/DELETE FROM ADDRESS WHERE ID=2
INSERT INTO ADDRESS VALUES(2,'800 West Tasman Dr.','San Jose','CA','9558788')
COMMIT
/*C10*/DELETE FROM CONTACT WHERE ID=0
INSERT INTO CONTACT VALUES(0,'James Bond','0')
COMMIT
/*C6*/DELETE FROM ADDRESS WHERE ID=0
INSERT INTO ADDRESS VALUES(0,'150 West Tasman Dr.','Fremont','CA','08857')
COMMIT
/*C9*/DELETE FROM CONTACT WHERE ID=1
INSERT INTO CONTACT VALUES(1,'Christofer','1')
COMMIT
/*C10*/DELETE FROM ADDRESS WHERE ID=1
INSERT INTO ADDRESS VALUES(1,'10001 Starr street','Fremont','CA','94539')
COMMIT
/*C7*/DELETE FROM CONTACT WHERE ID=1
INSERT INTO CONTACT VALUES(1,'Christofer','1')
COMMIT
/*C6*/DELETE FROM ADDRESS WHERE ID=1
INSERT INTO ADDRESS VALUES(1,'10001 Starr street','Fremont','CA','94539')
COMMIT
/*C11*/SET SCHEMA PUBLIC
DISCONNECT
/*C16*/SET SCHEMA PUBLIC
DELETE FROM CONTACT WHERE ID=1
INSERT INTO CONTACT VALUES(1,'Christofer','1')
COMMIT
/*C17*/SET SCHEMA PUBLIC
DELETE FROM ADDRESS WHERE ID=1
INSERT INTO ADDRESS VALUES(1,'10001 Starr street','Fremont','CA','9453900')
COMMIT
/*C18*/SET SCHEMA PUBLIC
DISCONNECT
/*C20*/SET SCHEMA PUBLIC
DELETE FROM CONTACT WHERE ID=0
INSERT INTO CONTACT VALUES(0,'James Bond','0')
COMMIT
/*C21*/SET SCHEMA PUBLIC
DELETE FROM ADDRESS WHERE ID=0
INSERT INTO ADDRESS VALUES(0,'150 West Tasman Dr.','Fremont','CA','08857')
COMMIT
/*C27*/SET SCHEMA PUBLIC
DELETE FROM CONTACT WHERE ID=0
INSERT INTO CONTACT VALUES(0,'James Bond','0')
COMMIT
/*C28*/SET SCHEMA PUBLIC
DELETE FROM ADDRESS WHERE ID=0
INSERT INTO ADDRESS VALUES(0,'150 West Tasman Dr.','Fremont','CA','08857')
COMMIT
/*C22*/SET SCHEMA PUBLIC
DELETE FROM CONTACT WHERE ID=0
INSERT INTO CONTACT VALUES(0,'James Bond','0')
COMMIT
/*C19*/SET SCHEMA PUBLIC
DELETE FROM ADDRESS WHERE ID=0
INSERT INTO ADDRESS VALUES(0,'150 West Tasman Dr.','Fremont','CA','08857')
COMMIT
/*C24*/SET SCHEMA PUBLIC
DELETE FROM CONTACT WHERE ID=0
INSERT INTO CONTACT VALUES(0,'James Bond','0')
COMMIT
/*C21*/DELETE FROM ADDRESS WHERE ID=0
INSERT INTO ADDRESS VALUES(0,'150 West Tasman Dr.','Fremont','CA','08857')
COMMIT
/*C25*/SET SCHEMA PUBLIC
DELETE FROM CONTACT WHERE ID=0
INSERT INTO CONTACT VALUES(0,'James Bond','0')
COMMIT
/*C26*/SET SCHEMA PUBLIC
DELETE FROM ADDRESS WHERE ID=0
INSERT INTO ADDRESS VALUES(0,'150 West Tasman Dr.','Fremont','CA','08857')
COMMIT
/*C20*/DELETE FROM CONTACT WHERE ID=0
INSERT INTO CONTACT VALUES(0,'James Bond','0')
COMMIT
/*C19*/DELETE FROM ADDRESS WHERE ID=0
INSERT INTO ADDRESS VALUES(0,'150 West Tasman Dr.','Fremont','CA','08857')
COMMIT
/*C27*/DELETE FROM CONTACT WHERE ID=0
INSERT INTO CONTACT VALUES(0,'James Bond','0')
COMMIT
/*C28*/DELETE FROM ADDRESS WHERE ID=0
INSERT INTO ADDRESS VALUES(0,'150 West Tasman Dr.','Fremont','CA','08857')
COMMIT
/*C23*/SET SCHEMA PUBLIC
DELETE FROM CONTACT WHERE ID=0
INSERT INTO CONTACT VALUES(0,'James Bond','0')
COMMIT
/*C22*/DELETE FROM ADDRESS WHERE ID=0
INSERT INTO ADDRESS VALUES(0,'150 West Tasman Dr.','Fremont','CA','08857')
COMMIT
/*C24*/DELETE FROM CONTACT WHERE ID=0
INSERT INTO CONTACT VALUES(0,'James Bond testv','0')
COMMIT
/*C21*/DELETE FROM ADDRESS WHERE ID=0
INSERT INTO ADDRESS VALUES(0,'150 West Tasman Dr.','Fremont','CA','08857')
COMMIT
/*C25*/DELETE FROM CONTACT WHERE ID=0
INSERT INTO CONTACT VALUES(0,'James Bond testv','0')
COMMIT
/*C26*/DELETE FROM ADDRESS WHERE ID=0
INSERT INTO ADDRESS VALUES(0,'150 West Tasman Dr.','Fremont','CA','08857')
COMMIT
/*C20*/DELETE FROM CONTACT WHERE ID=0
INSERT INTO CONTACT VALUES(0,'James Bond testv','0')
COMMIT
/*C19*/DELETE FROM ADDRESS WHERE ID=0
INSERT INTO ADDRESS VALUES(0,'150 West Tasman Dr.','Fremont','CA','08857')
COMMIT
/*C27*/DELETE FROM CONTACT WHERE ID=0
INSERT INTO CONTACT VALUES(0,'James Bond testv','0')
COMMIT
/*C21*/DELETE FROM ADDRESS WHERE ID=0
INSERT INTO ADDRESS VALUES(0,'150 West Tasman Dr.','Fremont','CA','08857')
COMMIT
/*C25*/DELETE FROM CONTACT WHERE ID=0
INSERT INTO CONTACT VALUES(0,'James Bond testv','0')
COMMIT
/*C26*/DELETE FROM ADDRESS WHERE ID=0
INSERT INTO ADDRESS VALUES(0,'150 West Tasman Dr.','Fremont','CA','08857')
COMMIT
/*C28*/DELETE FROM CONTACT WHERE ID=0
INSERT INTO CONTACT VALUES(0,'James Bond testv','0')
COMMIT
/*C24*/DELETE FROM ADDRESS WHERE ID=0
INSERT INTO ADDRESS VALUES(0,'150 West Tasman Dr.','Fremont','CA','08857')
COMMIT
/*C22*/DELETE FROM CONTACT WHERE ID=0
INSERT INTO CONTACT VALUES(0,'James Bond testv','0')
COMMIT
/*C23*/DELETE FROM ADDRESS WHERE ID=0
INSERT INTO ADDRESS VALUES(0,'150 West Tasman Dr.','Fremont','CA','08857')
COMMIT
/*C20*/DELETE FROM CONTACT WHERE ID=0
INSERT INTO CONTACT VALUES(0,'James Bond testv','0')
COMMIT
/*C26*/DELETE FROM ADDRESS WHERE ID=0
INSERT INTO ADDRESS VALUES(0,'150 West Tasman Dr.','Fremont','CA','08857')
COMMIT
/*C27*/DELETE FROM CONTACT WHERE ID=0
INSERT INTO CONTACT VALUES(0,'James Bond testv','0')
COMMIT
/*C21*/DELETE FROM ADDRESS WHERE ID=0
INSERT INTO ADDRESS VALUES(0,'150 West Tasman Dr.','Fremont','CA','08857')
COMMIT
/*C25*/DELETE FROM CONTACT WHERE ID=0
INSERT INTO CONTACT VALUES(0,'James Bond testv','0')
COMMIT
/*C19*/DELETE FROM ADDRESS WHERE ID=0
INSERT INTO ADDRESS VALUES(0,'150 West Tasman Dr.','Fremont','CA','08857')
COMMIT
/*C28*/DELETE FROM CONTACT WHERE ID=0
INSERT INTO CONTACT VALUES(0,'James Bond testv','0')
COMMIT
/*C26*/DELETE FROM ADDRESS WHERE ID=0
INSERT INTO ADDRESS VALUES(0,'150 West Tasman Dr.','Fremont','CA','08857')
COMMIT
/*C25*/DELETE FROM CONTACT WHERE ID=0
INSERT INTO CONTACT VALUES(0,'James Bond','0')
COMMIT
/*C22*/DELETE FROM ADDRESS WHERE ID=0
INSERT INTO ADDRESS VALUES(0,'150 West Tasman Dr.','Fremont','CA','08857')
COMMIT
/*C28*/DELETE FROM CONTACT WHERE ID=0
INSERT INTO CONTACT VALUES(0,'James Bond','0')
COMMIT
/*C24*/DELETE FROM ADDRESS WHERE ID=0
INSERT INTO ADDRESS VALUES(0,'150 West Tasman Dr.','Fremont','CA','08857')
COMMIT
/*C23*/DELETE FROM CONTACT WHERE ID=0
INSERT INTO CONTACT VALUES(0,'James Bond','0')
COMMIT
/*C27*/DELETE FROM ADDRESS WHERE ID=0
INSERT INTO ADDRESS VALUES(0,'150 West Tasman Dr.','Fremont','CA','08857')
COMMIT
/*C22*/DELETE FROM CONTACT WHERE ID=0
INSERT INTO CONTACT VALUES(0,'James Bond','0')
COMMIT
/*C23*/DELETE FROM ADDRESS WHERE ID=0
INSERT INTO ADDRESS VALUES(0,'150 West Tasman Dr.','Fremont','CA','08857')
COMMIT
/*C25*/DELETE FROM CONTACT WHERE ID=0
INSERT INTO CONTACT VALUES(0,'James Bond','0')
COMMIT
/*C22*/DELETE FROM ADDRESS WHERE ID=0
INSERT INTO ADDRESS VALUES(0,'150 West Tasman Dr.','Fremont','CA','08857009')
COMMIT
/*C24*/DELETE FROM CONTACT WHERE ID=0
INSERT INTO CONTACT VALUES(0,'James Bond','0')
COMMIT
/*C19*/DELETE FROM ADDRESS WHERE ID=0
INSERT INTO ADDRESS VALUES(0,'150 West Tasman Dr.','Fremont','CA','08857009')
COMMIT
/*C21*/DELETE FROM CONTACT WHERE ID=0
INSERT INTO CONTACT VALUES(0,'James Bond','0')
COMMIT
/*C28*/DELETE FROM ADDRESS WHERE ID=0
INSERT INTO ADDRESS VALUES(0,'150 West Tasman Dr.','Fremont','CA','08857009')
COMMIT
/*C25*/DELETE FROM CONTACT WHERE ID=0
INSERT INTO CONTACT VALUES(0,'James Bond','0')
COMMIT
/*C22*/DELETE FROM ADDRESS WHERE ID=0
INSERT INTO ADDRESS VALUES(0,'150 West Tasman Dr.','Fremont','CA','08857009')
COMMIT
DELETE FROM CONTACT WHERE ID=2
INSERT INTO CONTACT VALUES(2,'Gandov King','2')
COMMIT
/*C23*/DELETE FROM ADDRESS WHERE ID=2
INSERT INTO ADDRESS VALUES(2,'800 West Tasman Dr.','San Jose','CA','95587')
COMMIT
/*C21*/DELETE FROM CONTACT WHERE ID=2
INSERT INTO CONTACT VALUES(2,'Gandov King','2')
COMMIT
/*C19*/DELETE FROM ADDRESS WHERE ID=2
INSERT INTO ADDRESS VALUES(2,'800 West Tasman Dr.','San Jose','CA','95587')
COMMIT
/*C27*/DELETE FROM CONTACT WHERE ID=0
INSERT INTO CONTACT VALUES(0,'James Bond','0')
COMMIT
/*C21*/DELETE FROM ADDRESS WHERE ID=0
INSERT INTO ADDRESS VALUES(0,'150 West Tasman Dr.','Fremont','CA','08857')
COMMIT
/*C23*/DELETE FROM CONTACT WHERE ID=0
INSERT INTO CONTACT VALUES(0,'James Bond','0')
COMMIT
/*C25*/DELETE FROM ADDRESS WHERE ID=0
INSERT INTO ADDRESS VALUES(0,'150 West Tasman Dr.','Fremont','CA','08857')
COMMIT
/*C19*/DELETE FROM CONTACT WHERE ID=0
INSERT INTO CONTACT VALUES(0,'James Bond','0')
COMMIT
/*C24*/DELETE FROM ADDRESS WHERE ID=0
INSERT INTO ADDRESS VALUES(0,'150 West Tasman Dr.','Fremont','CA','08857')
COMMIT
/*C21*/DELETE FROM CONTACT WHERE ID=1
INSERT INTO CONTACT VALUES(1,'Christofer','1')
COMMIT
/*C19*/DELETE FROM ADDRESS WHERE ID=1
INSERT INTO ADDRESS VALUES(1,'10001 Starr street','Fremont','CA','9453900')
COMMIT
/*C25*/DELETE FROM CONTACT WHERE ID=1
INSERT INTO CONTACT VALUES(1,'Christofer','1')
COMMIT
/*C26*/DELETE FROM ADDRESS WHERE ID=1
INSERT INTO ADDRESS VALUES(1,'10001 Starr street','Fremont','CA','9453900')
COMMIT
/*C24*/DELETE FROM CONTACT WHERE ID=1
INSERT INTO CONTACT VALUES(1,'Christofer','1')
COMMIT
/*C20*/DELETE FROM ADDRESS WHERE ID=1
INSERT INTO ADDRESS VALUES(1,'10001 Starr street','Fremont','CA','9453900')
COMMIT
/*C28*/DELETE FROM CONTACT WHERE ID=1
INSERT INTO CONTACT VALUES(1,'Christofer','1')
COMMIT
/*C27*/DELETE FROM ADDRESS WHERE ID=1
INSERT INTO ADDRESS VALUES(1,'10001 Starr street','Fremont','CA','9453900')
COMMIT
/*C22*/DELETE FROM CONTACT WHERE ID=1
INSERT INTO CONTACT VALUES(1,'Christofer','1')
COMMIT
/*C26*/DELETE FROM ADDRESS WHERE ID=1
INSERT INTO ADDRESS VALUES(1,'10001 Starr street','Fremont','CA','9453900')
COMMIT
/*C21*/DELETE FROM CONTACT WHERE ID=1
INSERT INTO CONTACT VALUES(1,'Christofer','1')
COMMIT
/*C20*/DELETE FROM ADDRESS WHERE ID=1
INSERT INTO ADDRESS VALUES(1,'10001 Starr street','Fremont','CA','9453900')
COMMIT
/*C23*/DELETE FROM CONTACT WHERE ID=1
INSERT INTO CONTACT VALUES(1,'Christofer','1')
COMMIT
/*C25*/DELETE FROM ADDRESS WHERE ID=1
INSERT INTO ADDRESS VALUES(1,'10001 Starr street','Fremont','CA','9453900')
COMMIT
/*C19*/DELETE FROM CONTACT WHERE ID=1
INSERT INTO CONTACT VALUES(1,'Christofer','1')
COMMIT
/*C24*/DELETE FROM ADDRESS WHERE ID=1
INSERT INTO ADDRESS VALUES(1,'10001 Starr street','Fremont','CA','9453900')
COMMIT
/*C28*/DELETE FROM CONTACT WHERE ID=1
INSERT INTO CONTACT VALUES(1,'Christofer','1')
COMMIT
/*C27*/DELETE FROM ADDRESS WHERE ID=1
INSERT INTO ADDRESS VALUES(1,'10001 Starr street','Fremont','CA','9453900')
COMMIT
/*C22*/DELETE FROM CONTACT WHERE ID=1
INSERT INTO CONTACT VALUES(1,'Christofer','1')
COMMIT
/*C26*/DELETE FROM ADDRESS WHERE ID=1
INSERT INTO ADDRESS VALUES(1,'10001 Starr street','Fremont','CA','9453900')
COMMIT
/*C21*/DELETE FROM CONTACT WHERE ID=1
INSERT INTO CONTACT VALUES(1,'Christofer','1')
COMMIT
/*C24*/DELETE FROM ADDRESS WHERE ID=1
INSERT INTO ADDRESS VALUES(1,'10001 Starr street','Fremont','CA','9453900')
COMMIT
/*C28*/DELETE FROM CONTACT WHERE ID=0
INSERT INTO CONTACT VALUES(0,'James Bond','0')
COMMIT
/*C24*/DELETE FROM ADDRESS WHERE ID=0
INSERT INTO ADDRESS VALUES(0,'150 West Tasman Dr.','Fremont','CA','08857')
COMMIT
/*C19*/DELETE FROM CONTACT WHERE ID=0
INSERT INTO CONTACT VALUES(0,'James Bond','0')
COMMIT
/*C22*/DELETE FROM ADDRESS WHERE ID=0
INSERT INTO ADDRESS VALUES(0,'150 West Tasman Dr.','Fremont','CA','08857')
COMMIT
/*C27*/DELETE FROM CONTACT WHERE ID=0
INSERT INTO CONTACT VALUES(0,'James Bond','0')
COMMIT
/*C21*/DELETE FROM ADDRESS WHERE ID=0
INSERT INTO ADDRESS VALUES(0,'150 West Tasman Dr.','Fremont','CA','08857')
COMMIT
/*C23*/DELETE FROM CONTACT WHERE ID=0
INSERT INTO CONTACT VALUES(0,'James Bond','0')
COMMIT
/*C25*/DELETE FROM ADDRESS WHERE ID=0
INSERT INTO ADDRESS VALUES(0,'150 West Tasman Dr.','Fremont','CA','08857')
COMMIT
/*C20*/DELETE FROM CONTACT WHERE ID=0
INSERT INTO CONTACT VALUES(0,'James Bond','0')
COMMIT
/*C26*/DELETE FROM ADDRESS WHERE ID=0
INSERT INTO ADDRESS VALUES(0,'150 West Tasman Dr.','Fremont','CA','08857')
COMMIT
/*C28*/DELETE FROM CONTACT WHERE ID=0
INSERT INTO CONTACT VALUES(0,'James Bond','0')
COMMIT
/*C24*/DELETE FROM ADDRESS WHERE ID=0
INSERT INTO ADDRESS VALUES(0,'150 West Tasman Dr.','Fremont','CA','08857')
COMMIT
/*C19*/DELETE FROM CONTACT WHERE ID=0
INSERT INTO CONTACT VALUES(0,'James Bond','0')
COMMIT
/*C22*/DELETE FROM ADDRESS WHERE ID=0
INSERT INTO ADDRESS VALUES(0,'150 West Tasman Dr.','Fremont','CA','08857')
COMMIT
/*C27*/DELETE FROM CONTACT WHERE ID=0
INSERT INTO CONTACT VALUES(0,'James Bond','0')
COMMIT
/*C21*/DELETE FROM ADDRESS WHERE ID=0
INSERT INTO ADDRESS VALUES(0,'150 West Tasman Dr.','Fremont','CA','088579')
COMMIT
/*C23*/DELETE FROM CONTACT WHERE ID=0
INSERT INTO CONTACT VALUES(0,'James Bond','0')
COMMIT
/*C25*/DELETE FROM ADDRESS WHERE ID=0
INSERT INTO ADDRESS VALUES(0,'150 West Tasman Dr.','Fremont','CA','088579')
COMMIT
/*C3*/DISCONNECT
/*C5*/DISCONNECT
/*C4*/DISCONNECT
/*C6*/DISCONNECT
/*C8*/DISCONNECT
/*C7*/DISCONNECT
/*C10*/DISCONNECT
/*C9*/DISCONNECT
/*C16*/DISCONNECT
/*C17*/DISCONNECT
/*C12*/SET SCHEMA PUBLIC
DISCONNECT
/*C13*/SET SCHEMA PUBLIC
DISCONNECT
/*C14*/SET SCHEMA PUBLIC
DISCONNECT
/*C15*/SET SCHEMA PUBLIC
DISCONNECT
/*C23*/DELETE FROM CONTACT WHERE ID=1
INSERT INTO CONTACT VALUES(1,'Christofer','1')
COMMIT
/*C25*/DELETE FROM ADDRESS WHERE ID=1
INSERT INTO ADDRESS VALUES(1,'10001 Starr street','Fremont','CA','9453900')
COMMIT
/*C24*/INSERT INTO ADDRESS VALUES(3,'860 Centennial Ave. one','Piscataway','New Jersey','08854')
COMMIT
/*C27*/INSERT INTO CONTACT VALUES(3,'Ben','3')
COMMIT
